<?xml version="1.0" encoding="UTF-8"?>
<robot generator="Robot 4.0b1 (Python 3.9.0 on win32)" generated="20210112 08:50:50.168" rpa="false">
<suite id="s1" name="Robotframework-Tests" source="C:\Users\narhieem\TA\TA-workspace\robotframework-tests">
<suite id="s1-s1" name="Browserdemo" source="C:\Users\narhieem\TA\TA-workspace\robotframework-tests\browserdemo.robot">
<test id="s1-s1-t1" name="Example Test">
<kw name="New Page" library="Browser">
<tags>
<tag>BrowserControl</tag>
<tag>Setter</tag>
</tags>
<doc>Open a new Page. A Page is the Playwright equivalent to a tab.
See `Browser, Context and Page` for more information about Page concept.
Returns a stable identifier for the created page.</doc>
<arguments>
<arg>https://playwright.dev</arg>
</arguments>
<msg timestamp="20210112 08:50:55.631" level="INFO">Successfully initialized new page object and opened url: https://playwright.dev</msg>
<status status="PASS" starttime="20210112 08:50:52.356" endtime="20210112 08:50:55.631"></status>
</kw>
<kw name="Get Text" library="Browser">
<tags>
<tag>Assertion</tag>
<tag>Getter</tag>
<tag>PageContent</tag>
</tags>
<doc>Returns text attribute of the element found by ``selector``.
See the `Finding elements` section for details about the selectors.</doc>
<arguments>
<arg>h1</arg>
<arg>==</arg>
<arg>ðŸŽ­ Playwright</arg>
</arguments>
<msg timestamp="20210112 08:50:57.043" level="INFO" html="yes">&lt;/td&gt;&lt;/tr&gt;&lt;tr&gt;&lt;td colspan="3"&gt;&lt;a href="Example_Test_FAILURE_SCREENSHOT_1.png"&gt;&lt;img src="Example_Test_FAILURE_SCREENSHOT_1.png" width="800px"&gt;&lt;/a&gt;</msg>
<msg timestamp="20210112 08:50:57.127" level="FAIL">Property innerText 'Playwright enables reliable end-to-end testing for modern web apps.' (str) should be 'ðŸŽ­ Playwright' (str)</msg>
<status status="FAIL" starttime="20210112 08:50:55.632" endtime="20210112 08:50:57.127"></status>
</kw>
<status status="FAIL" starttime="20210112 08:50:52.356" endtime="20210112 08:50:57.127">Property innerText 'Playwright enables reliable end-to-end testing for modern web apps.' (str) should be 'ðŸŽ­ Playwright' (str)</status>
</test>
<status status="FAIL" starttime="20210112 08:50:50.220" endtime="20210112 08:50:57.200"></status>
</suite>
<suite id="s1-s2" name="Fiksuruoka" source="C:\Users\narhieem\TA\TA-workspace\robotframework-tests\fiksuruoka.robot">
<test id="s1-s2-t1" name="Example Test">
<kw name="New Page" library="Browser">
<tags>
<tag>BrowserControl</tag>
<tag>Setter</tag>
</tags>
<doc>Open a new Page. A Page is the Playwright equivalent to a tab.
See `Browser, Context and Page` for more information about Page concept.
Returns a stable identifier for the created page.</doc>
<arguments>
<arg>https://playwright.dev</arg>
</arguments>
<msg timestamp="20210112 08:50:58.443" level="INFO">Successfully initialized new page object and opened url: https://playwright.dev</msg>
<status status="PASS" starttime="20210112 08:50:57.227" endtime="20210112 08:50:58.443"></status>
</kw>
<kw name="Get Text" library="Browser">
<tags>
<tag>Assertion</tag>
<tag>Getter</tag>
<tag>PageContent</tag>
</tags>
<doc>Returns text attribute of the element found by ``selector``.
See the `Finding elements` section for details about the selectors.</doc>
<arguments>
<arg>h1</arg>
<arg>==</arg>
<arg>ðŸŽ­ Playwright</arg>
</arguments>
<msg timestamp="20210112 08:50:59.849" level="INFO" html="yes">&lt;/td&gt;&lt;/tr&gt;&lt;tr&gt;&lt;td colspan="3"&gt;&lt;a href="Example_Test_FAILURE_SCREENSHOT_2.png"&gt;&lt;img src="Example_Test_FAILURE_SCREENSHOT_2.png" width="800px"&gt;&lt;/a&gt;</msg>
<msg timestamp="20210112 08:50:59.850" level="FAIL">Property innerText 'Playwright enables reliable end-to-end testing for modern web apps.' (str) should be 'ðŸŽ­ Playwright' (str)</msg>
<status status="FAIL" starttime="20210112 08:50:58.444" endtime="20210112 08:50:59.851"></status>
</kw>
<status status="FAIL" starttime="20210112 08:50:57.220" endtime="20210112 08:50:59.851">Property innerText 'Playwright enables reliable end-to-end testing for modern web apps.' (str) should be 'ðŸŽ­ Playwright' (str)</status>
</test>
<status status="FAIL" starttime="20210112 08:50:57.208" endtime="20210112 08:50:59.900"></status>
</suite>
<status status="FAIL" starttime="20210112 08:50:50.172" endtime="20210112 08:50:59.908"></status>
</suite>
<statistics>
<total>
<stat pass="0" fail="2" skip="0">All Tests</stat>
</total>
<tag>
</tag>
<suite>
<stat pass="0" fail="2" skip="0" id="s1" name="Robotframework-Tests">Robotframework-Tests</stat>
<stat pass="0" fail="1" skip="0" id="s1-s1" name="Browserdemo">Robotframework-Tests.Browserdemo</stat>
<stat pass="0" fail="1" skip="0" id="s1-s2" name="Fiksuruoka">Robotframework-Tests.Fiksuruoka</stat>
</suite>
</statistics>
<errors>
</errors>
</robot>
